<?xml version="1.0" encoding="UTF-8"?>
<testsuites name="jest tests" tests="4" failures="0" errors="0" time="1.475">
  <testsuite name="tests/integration/diet-templates-supertest.integration.test.ts" errors="0" failures="0" skipped="3" timestamp="2026-05-02T11:24:53" time="1.359" tests="4">
    <testcase classname="diet template persistence integrations (supertest)" name="creates and lists diet templates with persisted meals + meal types" time="0">
      <skipped/>
    </testcase>
    <testcase classname="diet template persistence integrations (supertest)" name="updates and soft-deletes diet template while preserving meal payload updates" time="0">
      <skipped/>
    </testcase>
    <testcase classname="diet template persistence integrations (supertest)" name="allows admin to list archived diet templates and restore them" time="0">
      <skipped/>
    </testcase>
    <testcase classname="diet template persistence integrations (supertest)" name="API calories summary excludes alternative foods" time="0.436">
    </testcase>
  </testsuite>
</testsuites>